<?xml version="1.0" encoding="UTF-8"?>
<!-- Generated by org.testng.reporters.JUnitXMLReporter -->
<testsuite ignored="5" hostname="Abdulraheem" failures="0" tests="1" name="Default test" time="3.301" errors="0" timestamp="2024-01-30T19:38:03 EET">
  <testcase classname="AlmosaferWeb.MyTestCases" name="RandomMethodToChangeTheLanguage" time="0.644"/>
  <testcase classname="AlmosaferWeb.MyTestCases" name="CheckTheDefaultCurrencyIsSAR" time="0.0">
    <ignored/>
  </testcase> <!-- CheckTheDefaultCurrencyIsSAR -->
  <testcase classname="AlmosaferWeb.MyTestCases" name="CheckQitafLogo" time="0.0">
    <ignored/>
  </testcase> <!-- CheckQitafLogo -->
  <testcase classname="AlmosaferWeb.MyTestCases" name="CheckContactNumber" time="0.0">
    <ignored/>
  </testcase> <!-- CheckContactNumber -->
  <testcase classname="AlmosaferWeb.MyTestCases" name="CheckTheDeafultLanguageIsEnglish" time="0.0">
    <ignored/>
  </testcase> <!-- CheckTheDeafultLanguageIsEnglish -->
  <testcase classname="AlmosaferWeb.MyTestCases" name="CheckHotelTabIsNotSelectedByDefault" time="0.0">
    <ignored/>
  </testcase> <!-- CheckHotelTabIsNotSelectedByDefault -->
</testsuite> <!-- Default test -->
